<?xml version="1.0" encoding="UTF-8"?>
<testsuite name="com.trustgeek.bo.OrderBOImplTest" tests="1" skipped="0" failures="0" errors="0" timestamp="2020-06-07T16:25:26" hostname="ultimate-pop-os" time="0.24">
  <properties/>
  <testcase name="placeOrder_should_create_an_order" classname="com.trustgeek.bo.OrderBOImplTest" time="0.24"/>
  <system-out><![CDATA[]]></system-out>
  <system-err><![CDATA[]]></system-err>
</testsuite>
